            --------------------------------------------------------
                             AMBER SQM VERSION 19
 
                                     By
              Ross C. Walker, Michael F. Crowley, Scott Brozell,
                         Tim Giese, Andreas W. Goetz,
                        Tai-Sung Lee and David A. Case
 
            --------------------------------------------------------
 

--------------------------------------------------------------------------------
  QM CALCULATION INFO
--------------------------------------------------------------------------------

| QMMM: Citation for AMBER QMMM Run:
| QMMM: R.C. Walker, M.F. Crowley and D.A. Case, J. COMP. CHEM. 29:1019, 2008

QMMM: SINGLET STATE CALCULATION
QMMM: RHF CALCULATION, NO. OF DOUBLY OCCUPIED LEVELS = 26

| QMMM: *** Selected Hamiltonian *** 
| QMMM: AM1         

| QMMM: *** Parameter sets in use ***
| QMMM: C : M.J.S.DEWAR et al. JACS, 107, 3902, (1985)
| QMMM: O : M.J.S.DEWAR et al. JACS, 107, 3902, (1985)
| QMMM: H : M.J.S.DEWAR et al. JACS, 107, 3902, (1985)

| QMMM: *** SCF convergence criteria ***
| QMMM: Energy change                :  0.1D-09 kcal/mol
| QMMM: Error matrix |FP-PF|         :  0.1D+00 au
| QMMM: Density matrix change        :  0.5D-06
| QMMM: Maximum number of SCF cycles :     1000

| QMMM: *** Diagonalization Routine Information ***
| QMMM: Pseudo diagonalizations are allowed.
| QMMM: Auto diagonalization routine selection is in use.
| QMMM:
| QMMM: Timing diagonalization routines:
| QMMM:                              norbs =       39
| QMMM:    diag iterations used for timing =       20
| QMMM:
| QMMM:              Internal diag routine = 0.007268 seconds
| QMMM:                 Dspev diag routine = 0.011857 seconds
| QMMM:                Dspevd diag routine = 0.021784 seconds
| QMMM:                Dspevx diag routine = 0.068610 seconds
| QMMM:                 Dsyev diag routine = 0.005628 seconds
| QMMM:                Dsyevd diag routine = 0.004760 seconds
| QMMM:                Dsyevr diag routine = 0.006712 seconds
| QMMM:
| QMMM:                Pseudo diag routine = 0.000863 seconds
| QMMM:
| QMMM: Using dsyevd routine (diag_routine=6).

  QMMM: QM Region Cartesian Coordinates (*=link atom) 
  QMMM: QM_NO.   MM_NO.  ATOM         X         Y         Z
  QMMM:     1        1      C       22.1340  -11.7100   26.7680
  QMMM:     2        2      O       22.0280  -10.4310   26.8130
  QMMM:     3        3      O       22.3690  -12.4610   27.7450
  QMMM:     4        4      C       21.9800  -12.4220   25.4150
  QMMM:     5        5      O       22.2100  -13.8210   25.5410
  QMMM:     6        6      C       20.6020  -12.1810   24.7770
  QMMM:     7        7      C       19.5150  -12.8490   25.5950
  QMMM:     8        8      O       19.4620  -12.6000   26.8140
  QMMM:     9        9      O       18.7380  -13.6240   25.0100
  QMMM:    10       10      H       22.7340  -11.9910   24.7560
  QMMM:    11       11      H       20.5990  -12.6060   23.7730
  QMMM:    12       12      H       20.4100  -11.1090   24.7310

--------------------------------------------------------------------------------
  RESULTS
--------------------------------------------------------------------------------

      iter         sqm energy              rms gradient
      ----    -------------------    -----------------------
xmin    10      -17.5421 kcal/mol        1.1243 kcal/(mol*A)
xmin    20      -25.7533 kcal/mol        2.2325 kcal/(mol*A)
xmin    30      -28.7674 kcal/mol        0.7016 kcal/(mol*A)
xmin    40      -29.7387 kcal/mol        0.3394 kcal/(mol*A)
xmin    50      -29.9275 kcal/mol        0.0830 kcal/(mol*A)
xmin    60      -29.9361 kcal/mol        0.0202 kcal/(mol*A)
xmin    70      -29.9370 kcal/mol        0.0064 kcal/(mol*A)
  ... geometry converged !
 
 Final MO eigenvalues (eV):
 -25.4271  -24.3544  -21.3729  -21.2071  -20.3484  -16.8472  -11.3179   -7.4070
  -6.1834   -3.4272   -3.2092   -2.7123   -1.9777   -1.6156   -1.5717   -0.2593
   0.3526    0.7977    2.1967    2.3538    2.5600    2.7967    2.9759    3.1206
   4.8058    5.2408   15.0958   16.0669   16.8569   17.1634   17.3793   17.8042
  18.3725   18.4975   20.0161   20.5353   20.8656   21.3521   21.5374

 Heat of formation   =        -29.93701755 kcal/mol  (       -1.29816650 eV)

 Total SCF energy    =     -49548.42428202 kcal/mol  (    -2148.58090638 eV)
 Electronic energy   =    -173351.98854274 kcal/mol  (    -7517.10630687 eV)
 Core-core repulsion =     123803.56426071 kcal/mol  (     5368.52540049 eV)
 
    Atomic Charges for Step       1 :
  Atom    Element       Mulliken Charge
     1      C                  0.272
     2      O                 -0.710
     3      O                 -0.696
     4      C                  0.195
     5      O                 -0.811
     6      C                 -0.220
     7      C                  0.328
     8      O                 -0.700
     9      O                 -0.664
    10      H                 -0.061
    11      H                  0.029
    12      H                  0.039
 Total Mulliken Charge =      -3.000
 
                  X        Y        Z     TOTAL  
  QM DIPOLE  -306.810  179.863 -368.974  512.470
 
 Final Structure

  QMMM: QM Region Cartesian Coordinates (*=link atom) 
  QMMM: QM_NO.   MM_NO.  ATOM         X         Y         Z
  QMMM:     1        1      C       22.8527  -11.6238   25.8471
  QMMM:     2        2      O       23.8312  -11.4938   25.0232
  QMMM:     3        3      O       22.7740  -10.7625   26.7940
  QMMM:     4        4      C       21.8255  -12.7949   25.6618
  QMMM:     5        5      O       22.1310  -13.8704   26.3887
  QMMM:     6        6      C       20.3942  -12.2237   25.9440
  QMMM:     7        7      C       19.2101  -12.7206   25.1302
  QMMM:     8        8      O       18.1817  -13.2012   25.7340
  QMMM:     9        9      O       19.1353  -12.5760   23.8623
  QMMM:    10       10      H       21.8442  -13.0137   24.5375
  QMMM:    11       11      H       20.4286  -11.1126   25.7900
  QMMM:    12       12      H       20.1725  -12.4116   27.0252

           --------- Calculation Completed ----------

